0 info it worked if it ends with ok
1 verbose cli [ '/usr/local/bin/node',
1 verbose cli   '/usr/local/bin/npm',
1 verbose cli   'install',
1 verbose cli   'app.json',
1 verbose cli   '--global' ]
2 info using npm@4.1.2
3 info using node@v7.5.0
4 silly loadCurrentTree Starting
5 silly install loadCurrentTree
6 silly install readGlobalPackageData
7 silly fetchPackageMetaData app.json
8 silly fetchOtherPackageData app.json
9 silly cache add args [ 'app.json', null ]
10 verbose cache add spec app.json
11 silly cache add parsed spec Result {
11 silly cache add   raw: 'app.json',
11 silly cache add   scope: null,
11 silly cache add   escapedName: 'app.json',
11 silly cache add   name: null,
11 silly cache add   rawSpec: 'app.json',
11 silly cache add   spec: '/Users/thibautrey/Desktop/server/app.json',
11 silly cache add   type: 'local' }
12 silly addLocalTarball shasum (computed) 74f7d8425c399a5d25bbacd9dedf5ee53085568d
13 verbose addTmpTarball /Users/thibautrey/Desktop/server/app.json not in flight; adding
14 verbose correctMkdir /Users/thibautrey/.npm correctMkdir not in flight; initializing
15 verbose addTmpTarball validating metadata from /Users/thibautrey/Desktop/server/app.json
16 verbose tar unpack /Users/thibautrey/Desktop/server/app.json
17 verbose tar unpacking to /tmp/npm-82688-2fa0dab5/unpack-6fd48a83
18 silly gentlyRm /tmp/npm-82688-2fa0dab5/unpack-6fd48a83 is being purged
19 verbose gentlyRm don't care about contents; nuking /tmp/npm-82688-2fa0dab5/unpack-6fd48a83
20 silly gunzTarPerm modes [ '755', '644' ]
21 error not a package /Users/thibautrey/Desktop/server/app.json
22 error addLocal Could not install /Users/thibautrey/Desktop/server/app.json
23 silly fetchPackageMetaData Error: ENOENT: no such file or directory, open '/tmp/npm-82688-2fa0dab5/unpack-6fd48a83/package.json'
23 silly fetchPackageMetaData  error for app.json { Error: ENOENT: no such file or directory, open '/tmp/npm-82688-2fa0dab5/unpack-6fd48a83/package.json'
23 silly fetchPackageMetaData   errno: -2,
23 silly fetchPackageMetaData   code: 'ENOENT',
23 silly fetchPackageMetaData   syscall: 'open',
23 silly fetchPackageMetaData   path: '/tmp/npm-82688-2fa0dab5/unpack-6fd48a83/package.json' }
24 silly rollbackFailedOptional Starting
25 verbose stack TypeError: Cannot read property 'path' of null
25 verbose stack     at Installer.rollbackFailedOptional (/usr/local/lib/node_modules/npm/lib/install.js:511:29)
25 verbose stack     at Array.<anonymous> (/usr/local/lib/node_modules/npm/node_modules/slide/lib/bind-actor.js:15:8)
25 verbose stack     at LOOP (/usr/local/lib/node_modules/npm/node_modules/slide/lib/chain.js:15:14)
25 verbose stack     at /usr/local/lib/node_modules/npm/node_modules/slide/lib/chain.js:18:7
25 verbose stack     at /usr/local/lib/node_modules/npm/lib/install.js:337:5
25 verbose stack     at Array.<anonymous> (/usr/local/lib/node_modules/npm/node_modules/slide/lib/bind-actor.js:15:8)
25 verbose stack     at LOOP (/usr/local/lib/node_modules/npm/node_modules/slide/lib/chain.js:15:14)
25 verbose stack     at chain (/usr/local/lib/node_modules/npm/node_modules/slide/lib/chain.js:20:5)
25 verbose stack     at /usr/local/lib/node_modules/npm/lib/install.js:294:5
25 verbose stack     at /usr/local/lib/node_modules/npm/node_modules/slide/lib/chain.js:16:22
26 verbose cwd /Users/thibautrey/Desktop/server
27 error Darwin 16.4.0
28 error argv "/usr/local/bin/node" "/usr/local/bin/npm" "install" "app.json" "--global"
29 error node v7.5.0
30 error npm  v4.1.2
31 error Cannot read property 'path' of null
32 error If you need help, you may report this error at:
32 error     <https://github.com/npm/npm/issues>
33 verbose exit [ 1, true ]
